make all --print-data-base --no-builtin-variables --no-builtin-rules --question
# GNU Make 3.81
# Copyright (C) 2006  Free Software Foundation, Inc.
# This is free software; see the source for copying conditions.
# There is NO warranty; not even for MERCHANTABILITY or FITNESS FOR A
# PARTICULAR PURPOSE.

# This program built for i386-apple-darwin11.3.0

# Make data base, printed on Wed Aug 17 14:20:47 2022

# Variables

# automatic
<D = $(patsubst %/,%,$(dir $<))
# automatic
?F = $(notdir $?)
# environment
ELECTRON_NO_ATTACH_CONSOLE = 1
# automatic
?D = $(patsubst %/,%,$(dir $?))
# automatic
@D = $(patsubst %/,%,$(dir $@))
# automatic
@F = $(notdir $@)
# makefile
CURDIR := /Users/nimo/Desktop/42_philo/philo
# makefile
SHELL = /bin/sh
# makefile (from `Makefile', line 16)
RM := rm -f
# environment
VSCODE_NLS_CONFIG = {"locale":"ko","availableLanguages":{},"_languagePackSupport":true}
# environment
_ = /usr/bin/make
# makefile (from `Makefile', line 15)
CFLAGS := -Wall -Wextra -Werror
# makefile (from `Makefile', line 40)
FSRCS := ./p_func/p_atoi.c ./p_func/p_memcpy.c ./p_func/p_error.c ./p_func/p_strlen.c
# makefile (from `Makefile', line 1)
MAKEFILE_LIST :=  Makefile
# makefile (from `Makefile', line 14)
SANITIZE := -fsanitize=thread -g3
# environment
__CFBundleIdentifier = com.microsoft.VSCode
# environment
VSCODE_CWD = /Users/nimo/Desktop/42_philo/philo
# makefile (from `Makefile', line 43)
OBJS_DIR := ./
# environment
PATH = /Users/nimo/opt/anaconda3/bin:/Library/Frameworks/Python.framework/Versions/3.8/bin:/usr/local/bin:/usr/bin:/bin:/usr/sbin:/sbin:/usr/local/share/dotnet:~/.dotnet/tools:/Library/Frameworks/Mono.framework/Versions/Current/Commands
# makefile (from `Makefile', line 48)
INCLUDE_DIR := ./include
# makefile (from `Makefile', line 18)
ARFLAGS := rcus
# environment
LaunchInstanceID = B76EEDF7-E0DE-4167-831D-30562BD31512
# makefile (from `Makefile', line 17)
AR := ar
# makefile (from `Makefile', line 23)
SRCS_DIR := ./src
# environment
ELECTRON_RUN_AS_NODE = 1
# default
.FEATURES := target-specific order-only second-expansion else-if archives jobserver check-symlink
# environment
SSH_AUTH_SOCK = /private/tmp/com.apple.launchd.XLHOHM0pEs/Listeners
# automatic
%F = $(notdir $%)
# makefile (from `Makefile', line 45)
OBJS := ./src/main.o ./src/init_info.o ./src/philo_action.o ./src/end.o ./src/philo_run.o ./src/time.o ./src/monitor.o ./src/voice.o ./p_func/p_atoi.o ./p_func/p_memcpy.o ./p_func/p_error.o ./p_func/p_strlen.o
# environment
PWD = /Users/nimo/Desktop/42_philo/philo
# environment
ORIGINAL_XDG_CURRENT_DESKTOP = undefined
# environment
VSCODE_AMD_ENTRYPOINT = vs/workbench/api/node/extensionHostProcess
# environment
HOME = /Users/nimo
# default
MAKEFILEPATH = $(shell /usr/bin/xcode-select -print-path 2>/dev/null || echo /Developer)/Makefiles
# environment
VSCODE_CLI = 1
# environment
VSCODE_CODE_CACHE_PATH = /Users/nimo/Library/Application Support/Code/CachedData/3b889b090b5ad5793f524b5d1d39fda662b96a2a
# environment
LOGNAME = nimo
# environment
APPLICATION_INSIGHTS_NO_DIAGNOSTIC_CHANNEL = 1
# environment
VSCODE_HANDLES_UNCAUGHT_ERRORS = true
# automatic
^D = $(patsubst %/,%,$(dir $^))
# environment
XPC_FLAGS = 0x0
# environment
COLORTERM = truecolor
# default
MAKE = $(MAKE_COMMAND)
# environment
LC_TERMINAL = iTerm2
# makefile (from `Makefile', line 32)
SRCS := ./src/main.c ./src/init_info.c ./src/philo_action.c ./src/end.c ./src/philo_run.c ./src/time.c ./src/monitor.c ./src/voice.c
# environment
SHLVL = 3
# makefile (from `Makefile', line 13)
CC := cc
# default
MAKE_VERSION := 3.81
# environment
USER = nimo
# makefile
.DEFAULT_GOAL := philo
# makefile (from `Makefile', line 51)
INCLUDE := ./include/philo.h
# default
MAKECMDGOALS := all
# environment
TERM_SESSION_ID = w0t0p0:01A22C82-FA5E-4D44-B983-BD313985D56C
# makefile (from `Makefile', line 20)
NAME := philo
# automatic
%D = $(patsubst %/,%,$(dir $%))
# default
MAKE_COMMAND := /Library/Developer/CommandLineTools/usr/bin/make
# environment
TERM_PROGRAM = iTerm.app
# default
.VARIABLES := 
# environment
TMPDIR = /var/folders/vl/_rf9tvzj70q1_pv_lz_t1fy80000gn/T/
# automatic
*F = $(notdir $*)
# environment
VSCODE_IPC_HOOK = /Users/nimo/Library/Application Support/Code/1.69.2-main.sock
# environment
MallocNanoZone = 0
# makefile
MAKEFLAGS = Rrqp
# environment
MFLAGS = -Rrqp
# automatic
*D = $(patsubst %/,%,$(dir $*))
# environment
TERM_PROGRAM_VERSION = 3.4.16
# environment
XPC_SERVICE_NAME = application.com.microsoft.VSCode.40642287.40642293.ED2B653B-8D02-49A8-89E9-B9DC970DF709
# environment
LC_TERMINAL_VERSION = 3.4.16
# automatic
+D = $(patsubst %/,%,$(dir $+))
# automatic
+F = $(notdir $+)
# environment
ITERM_SESSION_ID = w0t0p0:01A22C82-FA5E-4D44-B983-BD313985D56C
# environment
COLORFGBG = 7;0
# environment
__CF_USER_TEXT_ENCODING = 0x1F5:0x3:0x33
# environment
COMMAND_MODE = unix2003
# default
MAKEFILES := 
# automatic
<F = $(notdir $<)
# environment
ITERM_PROFILE = Default
# environment
LC_ALL = C
# environment
SECURITYSESSIONID = 186ab
# makefile (from `Makefile', line 35)
FSRCS_DIR := ./p_func
# automatic
^F = $(notdir $^)
# default
SUFFIXES := 
# default
.INCLUDE_DIRS = /usr/local/include
# environment
MAKELEVEL := 0
# environment
LANG = C
# environment
TERM = xterm-256color
# environment
VSCODE_PID = 2722
# variable set hash-table stats:
# Load=87/1024=8%, Rehash=0, Collisions=17/128=13%

# Pattern-specific Variable Values

# No pattern-specific variable values.

# Directories

# include (device 16777220, inode 41241438): 3 files, no impossibilities so far.
# . (device 16777220, inode 41241433): 9 files, no impossibilities.
# p_func (device 16777220, inode 41241440): 10 files, no impossibilities so far.
# src (device 16777220, inode 41241445): 15 files, no impossibilities so far.

# 37 files, no impossibilities in 4 directories.

# Implicit Rules

%.o: %.c ./include/philo.h
#  commands to execute (from `Makefile', line 58):
	$(CC) $(CFLAGS) -c $< -o $@
	

# 1 implicit rules, 0 (0.0%) terminal.

# Files

all: philo
#  Phony target (prerequisite of .PHONY).
#  Command-line target.
#  Implicit rule search has not been done.
#  File does not exist.
#  File has been updated.
#  Successfully updated.
# variable set hash-table stats:
# Load=0/32=0%, Rehash=0, Collisions=0/0=0%

philo: src/main.o src/init_info.o src/philo_action.o src/end.o src/philo_run.o src/time.o src/monitor.o src/voice.o p_func/p_atoi.o p_func/p_memcpy.o p_func/p_error.o p_func/p_strlen.o
#  Implicit rule search has not been done.
#  Last modified 2022-08-17 14:20:35
#  File has been updated.
#  Successfully updated.
# variable set hash-table stats:
# Load=0/32=0%, Rehash=0, Collisions=0/0=0%
#  commands to execute (from `Makefile', line 55):
	$(CC) $(CFLAGS) $(OBJS) -o $@
	

.PHONY: all clean fclean re
#  Implicit rule search has not been done.
#  Modification time never checked.
#  File has not been updated.

# Not a target:
src/voice.c:
#  Implicit rule search has been done.
#  Last modified 2022-08-17 12:04:39
#  File has been updated.
#  Successfully updated.
# variable set hash-table stats:
# Load=0/32=0%, Rehash=0, Collisions=0/0=0%

src/main.o: src/main.c include/philo.h
#  Implicit rule search has been done.
#  Implicit/static pattern stem: `src/main'
#  Last modified 2022-08-17 14:20:34
#  File has been updated.
#  Successfully updated.
# variable set hash-table stats:
# Load=0/32=0%, Rehash=0, Collisions=0/0=0%
#  commands to execute (from `Makefile', line 58):
	$(CC) $(CFLAGS) -c $< -o $@
	

# Not a target:
.SUFFIXES:
#  Implicit rule search has not been done.
#  Modification time never checked.
#  File has not been updated.

# Not a target:
Makefile:
#  Implicit rule search has been done.
#  Last modified 2022-08-17 14:20:32
#  File has been updated.
#  Successfully updated.
# variable set hash-table stats:
# Load=0/32=0%, Rehash=0, Collisions=0/0=0%

# Not a target:
src/init_info.c:
#  Implicit rule search has been done.
#  Last modified 2022-08-17 11:57:05
#  File has been updated.
#  Successfully updated.
# variable set hash-table stats:
# Load=0/32=0%, Rehash=0, Collisions=0/0=0%

# Not a target:
src/philo_action.c:
#  Implicit rule search has been done.
#  Last modified 2022-08-17 14:14:07
#  File has been updated.
#  Successfully updated.
 
# variable set hash-table stats:
# Load=0/32=0%, Rehash=0, Collisions=0/0=0%
 

p_func/p_atoi.o: p_func/p_atoi.c include/philo.h
#  Implicit rule search has been done.
#  Implicit/static pattern stem: `p_func/p_atoi'
#  Last modified 2022-08-17 14:20:35
#  File has been updated.
#  Successfully updated.
# variable set hash-table stats:
# Load=0/32=0%, Rehash=0, Collisions=0/0=0%
#  commands to execute (from `Makefile', line 58):
	$(CC) $(CFLAGS) -c $< -o $@
	

p_func/p_error.o: p_func/p_error.c include/philo.h
#  Implicit rule search has been done.
#  Implicit/static pattern stem: `p_func/p_error'
#  Last modified 2022-08-17 14:20:35
#  File has been updated.
#  Successfully updated.
# variable set hash-table stats:
# Load=0/32=0%, Rehash=0, Collisions=0/0=0%
#  commands to execute (from `Makefile', line 58):
	$(CC) $(CFLAGS) -c $< -o $@
	

src/philo_run.o: src/philo_run.c include/philo.h
#  Implicit rule search has been done.
#  Implicit/static pattern stem: `src/philo_run'
#  Last modified 2022-08-17 14:20:35
#  File has been updated.
#  Successfully updated.
# variable set hash-table stats:
# Load=0/32=0%, Rehash=0, Collisions=0/0=0%
#  commands to execute (from `Makefile', line 58):
	$(CC) $(CFLAGS) -c $< -o $@
	

fclean: clean
#  Phony target (prerequisite of .PHONY).
#  Implicit rule search has not been done.
#  File does not exist.
#  File has not been updated.
#  commands to execute (from `Makefile', line 70):
	$(RM) $(NAME)
	

p_func/p_memcpy.o: p_func/p_memcpy.c include/philo.h
#  Implicit rule search has been done.
#  Implicit/static pattern stem: `p_func/p_memcpy'
#  Last modified 2022-08-17 14:20:35
#  File has been updated.
#  Successfully updated.
# variable set hash-table stats:
# Load=0/32=0%, Rehash=0, Collisions=0/0=0%
#  commands to execute (from `Makefile', line 58):
	$(CC) $(CFLAGS) -c $< -o $@
	

p_func/p_strlen.o: p_func/p_strlen.c include/philo.h
#  Implicit rule search has been done.
#  Implicit/static pattern stem: `p_func/p_strlen'
#  Last modified 2022-08-17 14:20:35
#  File has been updated.
#  Successfully updated.
# variable set hash-table stats:
# Load=0/32=0%, Rehash=0, Collisions=0/0=0%
#  commands to execute (from `Makefile', line 58):
	$(CC) $(CFLAGS) -c $< -o $@
	

# Not a target:
src/main.c:
#  Implicit rule search has been done.
#  Last modified 2022-08-17 14:19:27
#  File has been updated.
#  Successfully updated.
# variable set hash-table stats:
# Load=0/32=0%, Rehash=0, Collisions=0/0=0%

src/monitor.o: src/monitor.c include/philo.h
#  Implicit rule search has been done.
#  Implicit/static pattern stem: `src/monitor'
#  Last modified 2022-08-17 14:20:35
#  File has been updated.
#  Successfully updated.
# variable set hash-table stats:
# Load=0/32=0%, Rehash=0, Collisions=0/0=0%
#  commands to execute (from `Makefile', line 58):
	$(CC) $(CFLAGS) -c $< -o $@
	

src/time.o: src/time.c include/philo.h
#  Implicit rule search has been done.
#  Implicit/static pattern stem: `src/time'
#  Last modified 2022-08-17 14:20:35
#  File has been updated.
#  Successfully updated.
# variable set hash-table stats:
# Load=0/32=0%, Rehash=0, Collisions=0/0=0%
#  commands to execute (from `Makefile', line 58):
	$(CC) $(CFLAGS) -c $< -o $@
	

# Not a target:
.DEFAULT:
#  Implicit rule search has not been done.
#  Modification time never checked.
#  File has not been updated.

src/end.o: src/end.c include/philo.h
#  Implicit rule search has been done.
#  Implicit/static pattern stem: `src/end'
#  Last modified 2022-08-17 14:20:35
#  File has been updated.
#  Successfully updated.
# variable set hash-table stats:
# Load=0/32=0%, Rehash=0, Collisions=0/0=0%
#  commands to execute (from `Makefile', line 58):
	$(CC) $(CFLAGS) -c $< -o $@
	

re:
#  Phony target (prerequisite of .PHONY).
#  Implicit rule search has not been done.
#  File does not exist.
#  File has not been updated.
#  commands to execute (from `Makefile', line 74):
	$(MAKE) fclean
	$(MAKE) all
	

clean:
#  Phony target (prerequisite of .PHONY).
#  Implicit rule search has not been done.
#  File does not exist.
#  File has not been updated.
#  commands to execute (from `Makefile', line 66):
	$(RM) $(OBJS)
	

# Not a target:
p_func/p_atoi.c:
#  Implicit rule search has been done.
#  Last modified 2022-08-17 10:36:24
#  File has been updated.
#  Successfully updated.
# variable set hash-table stats:
# Load=0/32=0%, Rehash=0, Collisions=0/0=0%

# Not a target:
p_func/p_error.c:
#  Implicit rule search has been done.
#  Last modified 2022-08-17 10:36:24
#  File has been updated.
#  Successfully updated.
# variable set hash-table stats:
# Load=0/32=0%, Rehash=0, Collisions=0/0=0%

# Not a target:
src/philo_run.c:
#  Implicit rule search has been done.
#  Last modified 2022-08-17 14:14:14
#  File has been updated.
#  Successfully updated.
# variable set hash-table stats:
# Load=0/32=0%, Rehash=0, Collisions=0/0=0%

src/voice.o: src/voice.c include/philo.h
#  Implicit rule search has been done.
#  Implicit/static pattern stem: `src/voice'
#  Last modified 2022-08-17 14:20:35
#  File has been updated.
#  Successfully updated.
# variable set hash-table stats:
# Load=0/32=0%, Rehash=0, Collisions=0/0=0%
#  commands to execute (from `Makefile', line 58):
	$(CC) $(CFLAGS) -c $< -o $@
	

# Not a target:
include/philo.h:
#  Implicit rule search has been done.
#  Last modified 2022-08-17 14:20:22
#  File has been updated.
#  Successfully updated.
# variable set hash-table stats:
# Load=0/32=0%, Rehash=0, Collisions=0/0=0%

# Not a target:
p_func/p_memcpy.c:
#  Implicit rule search has been done.
#  Last modified 2022-08-17 10:36:24
#  File has been updated.
#  Successfully updated.
# variable set hash-table stats:
# Load=0/32=0%, Rehash=0, Collisions=0/0=0%

# Not a target:
p_func/p_strlen.c:
#  Implicit rule search has been done.
#  Last modified 2022-08-17 10:36:24
#  File has been updated.
#  Successfully updated.
# variable set hash-table stats:
# Load=0/32=0%, Rehash=0, Collisions=0/0=0%

# Not a target:
src/monitor.c:
#  Implicit rule search has been done.
#  Last modified 2022-08-17 13:59:58
#  File has been updated.
#  Successfully updated.
# variable set hash-table stats:
# Load=0/32=0%, Rehash=0, Collisions=0/0=0%

# Not a target:
src/time.c:
#  Implicit rule search has been done.
#  Last modified 2022-08-17 11:46:04
#  File has been updated.
#  Successfully updated.
# variable set hash-table stats:
# Load=0/32=0%, Rehash=0, Collisions=0/0=0%

src/init_info.o: src/init_info.c include/philo.h
#  Implicit rule search has been done.
#  Implicit/static pattern stem: `src/init_info'
#  Last modified 2022-08-17 14:20:34
#  File has been updated.
#  Successfully updated.
# variable set hash-table stats:
# Load=0/32=0%, Rehash=0, Collisions=0/0=0%
#  commands to execute (from `Makefile', line 58):
	$(CC) $(CFLAGS) -c $< -o $@
	

# Not a target:
src/end.c:
#  Implicit rule search has been done.
#  Last modified 2022-08-17 12:29:28
#  File has been updated.
#  Successfully updated.
# variable set hash-table stats:
# Load=0/32=0%, Rehash=0, Collisions=0/0=0%

src/philo_action.o: src/philo_action.c include/philo.h
#  Implicit rule search has been done.
#  Implicit/static pattern stem: `src/philo_action'
#  Last modified 2022-08-17 14:20:34
#  File has been updated.
#  Successfully updated.
# variable set hash-table stats:
# Load=0/32=0%, Rehash=0, Collisions=0/0=0%
#  commands to execute (from `Makefile', line 58):
	$(CC) $(CFLAGS) -c $< -o $@
	

# files hash-table stats:
# Load=34/1024=3%, Rehash=0, Collisions=12/128=9%
# VPATH Search Paths

# No `vpath' search paths.

# No general (`VPATH' variable) search path.

# # of strings in strcache: 1
# # of strcache buffers: 1
# strcache size: total = 4096 / max = 4096 / min = 4096 / avg = 4096
# strcache free: total = 4087 / max = 4087 / min = 4087 / avg = 4087

# Finished Make data base on Wed Aug 17 14:20:47 2022

 
